<?xml version="1.0" encoding="UTF-8"?>
<testng-results skipped="0" failed="0" ignored="0" total="1" passed="1">
  <reporter-output>
  </reporter-output>
  <suite name="Suite" duration-ms="26542" started-at="2021-04-19T09:37:30 IST" finished-at="2021-04-19T09:37:57 IST">
    <groups>
    </groups>
    <test name="Test" duration-ms="26542" started-at="2021-04-19T09:37:30 IST" finished-at="2021-04-19T09:37:57 IST">
      <class name="com.qa.orangeHRM.testcases.EmpFileUpload">
        <test-method status="PASS" signature="beforeSuite()[pri:0, instance:com.qa.orangeHRM.testcases.EmpFileUpload@1b6e1eff]" name="beforeSuite" is-config="true" duration-ms="179" started-at="2021-04-19T09:37:30 IST" finished-at="2021-04-19T09:37:30 IST">
          <reporter-output>
          </reporter-output>
        </test-method> <!-- beforeSuite -->
        <test-method status="PASS" signature="beforeTest()[pri:0, instance:com.qa.orangeHRM.testcases.EmpFileUpload@1b6e1eff]" name="beforeTest" is-config="true" duration-ms="4" started-at="2021-04-19T09:37:30 IST" finished-at="2021-04-19T09:37:30 IST">
          <reporter-output>
          </reporter-output>
        </test-method> <!-- beforeTest -->
        <test-method status="PASS" signature="beforeClass()[pri:0, instance:com.qa.orangeHRM.testcases.EmpFileUpload@1b6e1eff]" name="beforeClass" is-config="true" duration-ms="0" started-at="2021-04-19T09:37:30 IST" finished-at="2021-04-19T09:37:30 IST">
          <reporter-output>
          </reporter-output>
        </test-method> <!-- beforeClass -->
        <test-method status="PASS" signature="beforeMethod(java.lang.String,java.lang.reflect.Method)[pri:0, instance:com.qa.orangeHRM.testcases.EmpFileUpload@1b6e1eff]" name="beforeMethod" is-config="true" duration-ms="10591" started-at="2021-04-19T09:37:30 IST" finished-at="2021-04-19T09:37:41 IST">
          <params>
            <param index="0">
              <value>
                <![CDATA[Chrome]]>
              </value>
            </param>
            <param index="1">
              <value>
                <![CDATA[public void com.qa.orangeHRM.testcases.EmpFileUpload.EmpFileUpload()]]>
              </value>
            </param>
          </params>
          <reporter-output>
          </reporter-output>
        </test-method> <!-- beforeMethod -->
        <test-method status="PASS" signature="EmpFileUpload()[pri:0, instance:com.qa.orangeHRM.testcases.EmpFileUpload@1b6e1eff]" name="EmpFileUpload" duration-ms="14696" started-at="2021-04-19T09:37:41 IST" finished-at="2021-04-19T09:37:55 IST">
          <reporter-output>
          </reporter-output>
        </test-method> <!-- EmpFileUpload -->
        <test-method status="PASS" signature="afterMethod()[pri:0, instance:com.qa.orangeHRM.testcases.EmpFileUpload@1b6e1eff]" name="afterMethod" is-config="true" duration-ms="1184" started-at="2021-04-19T09:37:55 IST" finished-at="2021-04-19T09:37:57 IST">
          <reporter-output>
          </reporter-output>
        </test-method> <!-- afterMethod -->
        <test-method status="PASS" signature="afterClass()[pri:0, instance:com.qa.orangeHRM.testcases.EmpFileUpload@1b6e1eff]" name="afterClass" is-config="true" duration-ms="0" started-at="2021-04-19T09:37:57 IST" finished-at="2021-04-19T09:37:57 IST">
          <reporter-output>
          </reporter-output>
        </test-method> <!-- afterClass -->
        <test-method status="PASS" signature="afterTest()[pri:0, instance:com.qa.orangeHRM.testcases.EmpFileUpload@1b6e1eff]" name="afterTest" is-config="true" duration-ms="0" started-at="2021-04-19T09:37:57 IST" finished-at="2021-04-19T09:37:57 IST">
          <reporter-output>
          </reporter-output>
        </test-method> <!-- afterTest -->
        <test-method status="PASS" signature="afterSuite()[pri:0, instance:com.qa.orangeHRM.testcases.EmpFileUpload@1b6e1eff]" name="afterSuite" is-config="true" duration-ms="572" started-at="2021-04-19T09:37:57 IST" finished-at="2021-04-19T09:37:57 IST">
          <reporter-output>
          </reporter-output>
        </test-method> <!-- afterSuite -->
      </class> <!-- com.qa.orangeHRM.testcases.EmpFileUpload -->
    </test> <!-- Test -->
  </suite> <!-- Suite -->
</testng-results>
